<?xml version="1.0" encoding="UTF-8"?>
<!-- Generated by org.testng.reporters.JUnitReportReporter -->
<testsuite hostname="DESKTOP-NV05D01" failures="0" tests="1" name="Zybisys.abcabc11111" time="10.193" errors="0" timestamp="2022-09-05T23:52:35 IST" skipped="0">
  <testcase classname="Zybisys.abcabc11111" name="alldata" time="10.193"/>
  <system-out/>
</testsuite> <!-- Zybisys.abcabc11111 -->
