<?xml version="1.0" encoding="UTF-8"?>
<!-- Generated by org.testng.reporters.JUnitReportReporter -->
<testsuite hostname="DESKTOP-NV05D01" failures="0" tests="1" name="Zybisys.storetoarraylist" time="20.386" errors="0" timestamp="2022-09-07T13:32:36 IST" skipped="0">
  <testcase classname="Zybisys.storetoarraylist" name="alldatafro" time="20.386"/>
  <system-out/>
</testsuite> <!-- Zybisys.storetoarraylist -->
