<?xml version="1.0" encoding="UTF-8"?>
<!-- Generated by org.testng.reporters.JUnitReportReporter -->
<testsuite hostname="DESKTOP-NV05D01" failures="0" tests="1" name="Zybisys.PrintingIPAddress" time="2.086" errors="0" timestamp="2022-08-30T17:32:03 IST" skipped="0">
  <testcase classname="Zybisys.PrintingIPAddress" name="excel" time="2.086"/>
  <system-out/>
</testsuite> <!-- Zybisys.PrintingIPAddress -->
