<?xml version="1.0" encoding="UTF-8"?>
<!-- Generated by org.testng.reporters.JUnitReportReporter -->
<testsuite hostname="DESKTOP-NV05D01" failures="0" tests="1" name="Zybisys.ReadingDataFromExcel" time="2.639" errors="0" timestamp="2022-09-10T15:39:22 IST" skipped="0">
  <testcase classname="Zybisys.ReadingDataFromExcel" name="excel" time="2.639"/>
  <system-out/>
</testsuite> <!-- Zybisys.ReadingDataFromExcel -->
