<?xml version="1.0" encoding="UTF-8"?>
<!-- Generated by org.testng.reporters.JUnitReportReporter -->
<testsuite hostname="DESKTOP-NV05D01" failures="0" tests="1" name="Zybisys.PrintIPaddressColumn" time="1.806" errors="0" timestamp="2022-08-29T16:35:13 IST" skipped="0">
  <testcase classname="Zybisys.PrintIPaddressColumn" name="excelAnduiComparision" time="1.806"/>
  <system-out/>
</testsuite> <!-- Zybisys.PrintIPaddressColumn -->
