<?xml version="1.0" encoding="UTF-8"?>
<!-- Generated by org.testng.reporters.JUnitReportReporter -->
<testsuite hostname="DESKTOP-NV05D01" failures="0" tests="1" name="Zybisys.PracticeTest" time="11.253" errors="0" timestamp="2022-08-28T22:07:52 IST" skipped="0">
  <testcase classname="Zybisys.PracticeTest" name="login" time="11.253"/>
  <system-out/>
</testsuite> <!-- Zybisys.PracticeTest -->
