<?xml version="1.0" encoding="UTF-8"?>
<!-- Generated by org.testng.reporters.JUnitReportReporter -->
<testsuite hostname="DESKTOP-NV05D01" failures="0" tests="1" name="Zybisys._08jjchfjd" time="10.109" errors="0" timestamp="2022-09-08T15:44:02 IST" skipped="0">
  <testcase classname="Zybisys._08jjchfjd" name="alldata" time="10.109"/>
  <system-out/>
</testsuite> <!-- Zybisys._08jjchfjd -->
