<?xml version="1.0" encoding="UTF-8"?>
<!-- Generated by org.testng.reporters.JUnitReportReporter -->
<testsuite hostname="DESKTOP-NV05D01" failures="0" tests="1" name="Zybisys._08_uiandExcel" time="12.578" errors="0" timestamp="2022-09-08T23:22:48 IST" skipped="0">
  <testcase classname="Zybisys._08_uiandExcel" name="ui" time="12.578"/>
  <system-out/>
</testsuite> <!-- Zybisys._08_uiandExcel -->
