<?xml version="1.0" encoding="UTF-8"?>
<!-- Generated by org.testng.reporters.JUnitReportReporter -->
<testsuite hostname="DESKTOP-NV05D01" failures="0" tests="1" name="Zybisys.abcabcabc" time="10.070" errors="0" timestamp="2022-09-06T11:36:58 IST" skipped="0">
  <testcase classname="Zybisys.abcabcabc" name="alldata" time="10.070"/>
  <system-out/>
</testsuite> <!-- Zybisys.abcabcabc -->
