<?xml version="1.0" encoding="UTF-8"?>
<!-- Generated by org.testng.reporters.JUnitReportReporter -->
<testsuite hostname="DESKTOP-NV05D01" failures="0" tests="1" name="Zybisys.CaputuringCocData" time="14.058" errors="0" timestamp="2022-09-09T19:10:39 IST" skipped="0">
  <testcase classname="Zybisys.CaputuringCocData" name="excelAnduiComparision" time="14.058"/>
  <system-out/>
</testsuite> <!-- Zybisys.CaputuringCocData -->
