<?xml version="1.0" encoding="UTF-8"?>
<!-- Generated by org.testng.reporters.JUnitReportReporter -->
<testsuite hostname="DESKTOP-NV05D01" failures="0" tests="1" name="Zybisys.all111" time="10.631" errors="0" timestamp="2022-09-06T12:47:41 IST" skipped="0">
  <testcase classname="Zybisys.all111" name="alldata" time="10.631"/>
  <system-out/>
</testsuite> <!-- Zybisys.all111 -->
