<?xml version="1.0" encoding="UTF-8"?>
<!-- Generated by org.testng.reporters.JUnitReportReporter -->
<testsuite hostname="DESKTOP-NV05D01" failures="0" tests="1" name="Zybisys.ExportListProgramNew" time="25.058" errors="0" timestamp="2022-09-07T11:37:20 IST" skipped="0">
  <testcase classname="Zybisys.ExportListProgramNew" name="exportlist" time="25.058"/>
  <system-out/>
</testsuite> <!-- Zybisys.ExportListProgramNew -->
