<?xml version="1.0" encoding="UTF-8"?>
<!-- Generated by org.testng.reporters.JUnitReportReporter -->
<testsuite hostname="DESKTOP-NV05D01" failures="0" tests="2" name="Zybisys._08_hhhhhhhhhhhh" time="16.936" errors="0" timestamp="2022-09-09T17:29:47 IST" skipped="0">
  <testcase classname="Zybisys._08_hhhhhhhhhhhh" name="ui" time="15.286"/>
  <system-out/>
  <testcase classname="Zybisys._08_hhhhhhhhhhhh" name="excel" time="1.650"/>
  <system-out/>
</testsuite> <!-- Zybisys._08_hhhhhhhhhhhh -->
