<?xml version="1.0" encoding="UTF-8"?>
<!-- Generated by org.testng.reporters.JUnitReportReporter -->
<testsuite hostname="DESKTOP-NV05D01" failures="0" tests="1" name="Zybisys.Comparisiond2" time="13.504" errors="0" timestamp="2022-08-26T17:05:43 IST" skipped="0">
  <testcase classname="Zybisys.Comparisiond2" name="compare" time="13.504"/>
  <system-out/>
</testsuite> <!-- Zybisys.Comparisiond2 -->
