<?xml version="1.0" encoding="UTF-8"?>
<!-- Generated by org.testng.reporters.JUnitReportReporter -->
<testsuite hostname="DESKTOP-NV05D01" failures="0" tests="1" name="Zybisys.arraylist" time="34.167" errors="0" timestamp="2022-09-06T12:24:19 IST" skipped="0">
  <testcase classname="Zybisys.arraylist" name="alldata" time="34.167"/>
  <system-out/>
</testsuite> <!-- Zybisys.arraylist -->
