<?xml version="1.0" encoding="UTF-8"?>
<!-- Generated by org.testng.reporters.JUnitReportReporter -->
<testsuite hostname="DESKTOP-NV05D01" failures="0" tests="1" name="Zybisys.scroll" time="139.578" errors="0" timestamp="2022-09-10T10:53:30 IST" skipped="0">
  <testcase classname="Zybisys.scroll" name="ui" time="139.578"/>
  <system-out/>
</testsuite> <!-- Zybisys.scroll -->
