<?xml version="1.0" encoding="UTF-8"?>
<!-- Generated by org.testng.reporters.JUnitReportReporter -->
<testsuite hostname="DESKTOP-NV05D01" failures="0" tests="1" name="Zybisys.ExcelAndUiComparisionTest" time="12.678" errors="0" timestamp="2022-08-29T17:59:48 IST" skipped="0">
  <testcase classname="Zybisys.ExcelAndUiComparisionTest" name="excelAnduiComparision" time="12.678"/>
  <system-out/>
</testsuite> <!-- Zybisys.ExcelAndUiComparisionTest -->
