<?xml version="1.0" encoding="UTF-8"?>
<!-- Generated by org.testng.reporters.JUnitReportReporter -->
<testsuite hostname="DESKTOP-NV05D01" failures="0" tests="1" name="Zybisys.cccccc" time="1.694" errors="0" timestamp="2022-08-29T17:05:01 IST" skipped="0">
  <testcase classname="Zybisys.cccccc" name="excel" time="1.694"/>
  <system-out/>
</testsuite> <!-- Zybisys.cccccc -->
