<?xml version="1.0" encoding="UTF-8"?>
<!-- Generated by org.testng.reporters.JUnitReportReporter -->
<testsuite hostname="DESKTOP-NV05D01" failures="0" tests="1" name="Zybisys.sudharshan" time="14.593" errors="0" timestamp="2022-09-09T12:21:14 IST" skipped="0">
  <testcase classname="Zybisys.sudharshan" name="excelAnduiComparision" time="14.593"/>
  <system-out/>
</testsuite> <!-- Zybisys.sudharshan -->
