<?xml version="1.0" encoding="UTF-8"?>
<!-- Generated by org.testng.reporters.JUnitReportReporter -->
<testsuite hostname="DESKTOP-NV05D01" failures="0" tests="1" name="Zybisys._2ExportListProgramNew" time="25.253" errors="0" timestamp="2022-09-07T11:58:38 IST" skipped="0">
  <testcase classname="Zybisys._2ExportListProgramNew" name="exportlist" time="25.253"/>
  <system-out/>
</testsuite> <!-- Zybisys._2ExportListProgramNew -->
