<?xml version="1.0" encoding="UTF-8"?>
<!-- Generated by org.testng.reporters.JUnitReportReporter -->
<testsuite hostname="DESKTOP-NV05D01" failures="0" tests="1" name="Zybisys.all" time="20.706" errors="0" timestamp="2022-09-07T16:14:21 IST" skipped="0">
  <testcase classname="Zybisys.all" name="alldata" time="20.706"/>
  <system-out/>
</testsuite> <!-- Zybisys.all -->
