<?xml version="1.0" encoding="UTF-8"?>
<!-- Generated by org.testng.reporters.JUnitReportReporter -->
<testsuite hostname="DESKTOP-NV05D01" failures="0" tests="1" name="Zybisys.New" time="22.821" errors="0" timestamp="2022-09-10T15:36:27 IST" skipped="0">
  <testcase classname="Zybisys.New" name="getlogin" time="22.821"/>
  <system-out/>
</testsuite> <!-- Zybisys.New -->
