<?xml version="1.0" encoding="UTF-8"?>
<!-- Generated by org.testng.reporters.JUnitReportReporter -->
<testsuite hostname="DESKTOP-NV05D01" failures="0" tests="3" name="Zybisys.DDTestUsingJson" time="13.914" errors="0" timestamp="2022-08-30T16:50:24 IST" skipped="0">
  <testcase classname="Zybisys.DDTestUsingJson" name="login" time="5.271"/>
  <system-out/>
  <testcase classname="Zybisys.DDTestUsingJson" name="login" time="4.534"/>
  <system-out/>
  <testcase classname="Zybisys.DDTestUsingJson" name="login" time="4.109"/>
  <system-out/>
</testsuite> <!-- Zybisys.DDTestUsingJson -->
