<?xml version="1.0" encoding="UTF-8"?>
<!-- Generated by org.testng.reporters.JUnitReportReporter -->
<testsuite hostname="DESKTOP-NV05D01" failures="0" tests="1" name="Zybisys._09_PrintingExcelandUI" time="142.705" errors="0" timestamp="2022-09-10T12:07:32 IST" skipped="0">
  <testcase classname="Zybisys._09_PrintingExcelandUI" name="ui" time="142.705"/>
  <system-out/>
</testsuite> <!-- Zybisys._09_PrintingExcelandUI -->
